2015-02-02  INFO  [] Slf4jLogger - Slf4jLogger started
2015-02-02 16:31:20.925UTC INFO  [akka://fape/user/passer] ROSMessagePasser - Loading ROSMessagePasser
2015-02-02 16:31:21.233UTC DEBUG [akka://fape/user/passer] ROSMessagePasser - started (org.ros.scala.node.ROSMessagePasser@5a8c6647)
2015-02-02 16:31:21.440UTC DEBUG [akka://fape/user/sensor] Sensor - started (fape.acting.Sensor@526cbe2d)
2015-02-02 16:31:21.440UTC INFO  [akka://fape/user/sensor] Sensor - Requesting scene information
2015-02-02 16:31:21.441UTC DEBUG [akka://fape/user/actor/nav_pr2] NavFSM - started (fape.scenarios.morse.NavFSM@34ccba24)
2015-02-02 16:31:21.441UTC DEBUG [akka://fape/user/actor/picker_pr2] PickPlaceFSM - started (fape.acting.PickPlaceFSM@34ccba24)
2015-02-02 16:31:21.442UTC INFO  [akka://fape/user/passer] ROSMessagePasser - From [akka://fape/user/commands] --> Subscribe(fape/setGoal,std_msgs/String)
2015-02-02 16:31:21.446UTC DEBUG [akka://fape/user/actor] MainActor - started (fape.acting.MainActor@3edb0bb0)
2015-02-02 16:31:21.446UTC DEBUG [akka://fape/user/actor] MainActor - now supervising Actor[akka://fape/user/actor/nav_pr2#-1307150694]
2015-02-02 16:31:21.446UTC DEBUG [akka://fape/user/actor] MainActor - now supervising Actor[akka://fape/user/actor/picker_pr2#2112200854]
2015-02-02 16:31:21.454UTC INFO  [akka://fape/user/passer] ROSMessagePasser - From [akka://fape/user/actor/nav_pr2] --> AddPublisher(pr2/nav_goal,std_msgs/String)
2015-02-02 16:31:21.456UTC DEBUG [akka://fape/user/commands] CommandListener - started (fape.acting.CommandListener@46bbe893)
2015-02-02 16:31:21.460UTC DEBUG [akka://fape/user/manager/planner] PlanningActor - started (fape.acting.PlanningActor@25dc1489)
2015-02-02 16:31:21.460UTC DEBUG [akka://fape/user/manager] PlanManager - started (fape.acting.PlanManager@327af2d3)
2015-02-02 16:31:21.461UTC DEBUG [akka://fape/user/manager] PlanManager - now supervising Actor[akka://fape/user/manager/planner#-834954672]
2015-02-02 16:31:21.471UTC INFO  [akka://fape/user/passer] ROSMessagePasser - From [akka://fape/user/actor/nav_pr2] --> Subscribe(pr2/nav_status,std_msgs/String)
2015-02-02 16:31:21.946UTC INFO  [akka://fape/user/passer] ROSMessagePasser - From [akka://fape/user/sensor] --> ServiceRequest(mirror/pr2/scene/Robots,SRobotsRequest(),0)
2015-02-02 16:31:21.946UTC INFO  [akka://fape/user/passer] ROSMessagePasser - Service request: mirror/pr2/scene/Robots SRobotsRequest() 0
2015-02-02 16:31:22.081UTC INFO  [akka://fape/user/passer] ROSMessagePasser - From [akka://fape/user/sensor] --> ServiceRequest(mirror/pr2/scene/Items,SItemsRequest(),0)
2015-02-02 16:31:22.081UTC INFO  [akka://fape/user/passer] ROSMessagePasser - Service request: mirror/pr2/scene/Items SItemsRequest() 0
2015-02-02 16:31:22.100UTC INFO  [akka://fape/user/passer] ROSMessagePasser - From [akka://fape/user/sensor] --> ServiceRequest(mirror/pr2/scene/Rooms,SRoomsRequest(),0)
2015-02-02 16:31:22.100UTC INFO  [akka://fape/user/passer] ROSMessagePasser - Service request: mirror/pr2/scene/Rooms SRoomsRequest() 0
2015-02-02 16:31:22.117UTC INFO  [akka://fape/user/passer] ROSMessagePasser - From [akka://fape/user/sensor] --> ServiceRequest(mirror/pr2/scene/Surfaces,SSurfacesRequest(),0)
2015-02-02 16:31:22.118UTC INFO  [akka://fape/user/passer] ROSMessagePasser - Service request: mirror/pr2/scene/Surfaces SSurfacesRequest() 0
2015-02-02  DEBUG [] Reflections - going to scan these urls:
file:/mnt/data/These/code/working/fape-acting/target/scala-2.10/classes/
2015-02-02  INFO  [] Reflections - Reflections took 148 ms to scan 1 urls, producing 132 keys and 826 values 
2015-02-02 16:31:22.422UTC INFO  [akka://fape/user/passer] ROSMessagePasser - Service answer: mirror/pr2/scene/Rooms - SRoomsResponse([SRoom(office), SRoom(livingroom), SRoom(bedroom), SRoom(entrance)])
2015-02-02 16:31:22.422UTC INFO  [akka://fape/user/passer] ROSMessagePasser - Service answer: mirror/pr2/scene/Robots - SRobotsResponse([SRobot(pr2,entrance,SPoint(7.628799915313721,6.279910564422607,0.10000000149011612),SQuaternion(0.0,0.0,0.0,0.0))])
2015-02-02 16:31:22.422UTC INFO  [akka://fape/user/passer] ROSMessagePasser - Service answer: mirror/pr2/scene/Items - SItemsResponse([SItem(MyCornflakes,entrance,desk2,SPoint(9.43178939819336,4.338106155395508,0.8560105562210083)), SItem(MyMuesli,office,table1,SPoint(8.793139457702637,11.078018188476562,0.8439524173736572))])
2015-02-02 16:31:22.426UTC INFO  [akka://fape/user/passer] ROSMessagePasser - Service answer: mirror/pr2/scene/Surfaces - SSurfacesResponse([SSurface(desk4,entrance,desk,SPoint(9.83987045288086,7.158529758453369,0.02846975065767765)), SSurface(desk3,entrance,desk,SPoint(9.835871696472168,5.547813892364502,0.02846975065767765)), SSurface(desk2,entrance,desk,SPoint(9.432689666748047,4.338266849517822,0.02846975065767765)), SSurface(desk1,entrance,desk,SPoint(7.801558017730713,4.329688549041748,0.02846975065767765)), SSurface(table1,office,table,SPoint(8.509452819824219,10.95676326751709,-6.712234934536099E-11)), SSurface(living_low_table,livingroom,low_table,SPoint(3.818204641342163,6.9709391593933105,9.228378985426389E-7)), SSurface(chest1,bedroom,chest,SPoint(5.620966911315918,11.128928184509277,-8.027916464925511E-8))])
2015-02-02 16:31:22.438UTC INFO  [akka://fape/user/sensor] Sensor - Loading ANML domain
2015-02-02 16:31:22.802UTC ERROR [akka://fape/user/manager/planner] OneForOneStrategy - Kill
akka.actor.ActorKilledException: Kill
2015-02-02 16:31:22.802UTC DEBUG [akka://fape/user/manager/planner] PlanningActor - restarting
2015-02-02 16:31:22.805UTC DEBUG [akka://fape/user/manager/planner] PlanningActor - restarted
2015-02-02 16:31:22.820UTC ERROR [akka://fape/user/manager/planner] PlanningActor - TRY REPLAN fape.core.planning.planner.TaskConditionPlanner@65664e06
2015-02-02 16:31:22.899UTC INFO  [akka://fape/user/manager/planner] PlanningActor - CONSISTENT
2015-02-02 16:31:22.900UTC INFO  [akka://fape/user/manager] PlanManager - Plan found!!
